<?xml version="1.0" encoding="UTF-8"?>
<!-- Generated by org.testng.reporters.JUnitXMLReporter -->
<testsuite hostname="MSI" ignored="1" name="ChromeTest" tests="3" failures="0" timestamp="29 Jan 2022 12:47:56 GMT" time="38.983" errors="0">
  <testcase name="basicAuthAlertTest" time="15.01" classname="com.test.heroku.AlertTest"/>
  <testcase name="basicAuthAlertTest" time="8.378" classname="com.test.heroku.AlertTest"/>
  <testcase name="basicAuthAlertTest" time="8.36" classname="com.test.heroku.AlertTest"/>
  <testcase name="jsAlertTest" time="0.0" classname="com.test.heroku.AlertTest">
    <ignored/>
  </testcase> <!-- jsAlertTest -->
</testsuite> <!-- ChromeTest -->
